DEB [20220805-01:29:11.943] thr=1   paramiko.transport: starting thread (client mode): 0xa18f06a0
DEB [20220805-01:29:11.944] thr=1   paramiko.transport: Local version/idstring: SSH-2.0-paramiko_2.11.0
DEB [20220805-01:29:12.003] thr=1   paramiko.transport: Remote version/idstring: SSH-2.0-OpenSSH_for_Windows_8.1
INF [20220805-01:29:12.004] thr=1   paramiko.transport: Connected (version 2.0, client OpenSSH_for_Windows_8.1)
DEB [20220805-01:29:12.133] thr=1   paramiko.transport: === Key exchange possibilities ===
DEB [20220805-01:29:12.133] thr=1   paramiko.transport: kex algos: curve25519-sha256, curve25519-sha256@libssh.org, ecdh-sha2-nistp256, ecdh-sha2-nistp384, ecdh-sha2-nistp521, diffie-hellman-group-exchange-sha256, diffie-hellman-group16-sha512, diffie-hellman-group18-sha512, diffie-hellman-group14-sha256, diffie-hellman-group14-sha1
DEB [20220805-01:29:12.134] thr=1   paramiko.transport: server key: rsa-sha2-512, rsa-sha2-256, ssh-rsa, ecdsa-sha2-nistp256, ssh-ed25519
DEB [20220805-01:29:12.134] thr=1   paramiko.transport: client encrypt: chacha20-poly1305@openssh.com, aes128-ctr, aes192-ctr, aes256-ctr, aes128-gcm@openssh.com, aes256-gcm@openssh.com
DEB [20220805-01:29:12.134] thr=1   paramiko.transport: server encrypt: chacha20-poly1305@openssh.com, aes128-ctr, aes192-ctr, aes256-ctr, aes128-gcm@openssh.com, aes256-gcm@openssh.com
DEB [20220805-01:29:12.134] thr=1   paramiko.transport: client mac: umac-64-etm@openssh.com, umac-128-etm@openssh.com, hmac-sha2-256-etm@openssh.com, hmac-sha2-512-etm@openssh.com, hmac-sha1-etm@openssh.com, umac-64@openssh.com, umac-128@openssh.com, hmac-sha2-256, hmac-sha2-512, hmac-sha1
DEB [20220805-01:29:12.134] thr=1   paramiko.transport: server mac: umac-64-etm@openssh.com, umac-128-etm@openssh.com, hmac-sha2-256-etm@openssh.com, hmac-sha2-512-etm@openssh.com, hmac-sha1-etm@openssh.com, umac-64@openssh.com, umac-128@openssh.com, hmac-sha2-256, hmac-sha2-512, hmac-sha1
DEB [20220805-01:29:12.134] thr=1   paramiko.transport: client compress: none, zlib@openssh.com
DEB [20220805-01:29:12.135] thr=1   paramiko.transport: server compress: none, zlib@openssh.com
DEB [20220805-01:29:12.135] thr=1   paramiko.transport: client lang: <none>
DEB [20220805-01:29:12.135] thr=1   paramiko.transport: server lang: <none>
DEB [20220805-01:29:12.135] thr=1   paramiko.transport: kex follows: False
DEB [20220805-01:29:12.135] thr=1   paramiko.transport: === Key exchange agreements ===
DEB [20220805-01:29:12.135] thr=1   paramiko.transport: Kex: curve25519-sha256@libssh.org
DEB [20220805-01:29:12.135] thr=1   paramiko.transport: HostKey: ssh-ed25519
DEB [20220805-01:29:12.135] thr=1   paramiko.transport: Cipher: aes128-ctr
DEB [20220805-01:29:12.135] thr=1   paramiko.transport: MAC: hmac-sha2-256
DEB [20220805-01:29:12.136] thr=1   paramiko.transport: Compression: none
DEB [20220805-01:29:12.136] thr=1   paramiko.transport: === End of kex handshake ===
DEB [20220805-01:29:12.156] thr=1   paramiko.transport: kex engine KexCurve25519 specified hash_algo <built-in function openssl_sha256>
DEB [20220805-01:29:12.157] thr=1   paramiko.transport: Switch to new keys ...
DEB [20220805-01:29:12.157] thr=1   paramiko.transport: Got EXT_INFO: {'server-sig-algs': b'ssh-ed25519,ssh-rsa,rsa-sha2-256,rsa-sha2-512,ssh-dss,ecdsa-sha2-nistp256,ecdsa-sha2-nistp384,ecdsa-sha2-nistp521'}
DEB [20220805-01:29:12.161] thr=2   paramiko.transport: Adding ssh-ed25519 host key for 192.168.1.7: b'f4e30bf0472bc38e31eb7453b720de4a'
DEB [20220805-01:29:12.208] thr=1   paramiko.transport: userauth is OK
INF [20220805-01:29:12.268] thr=1   paramiko.transport: Authentication (password) successful!
DEB [20220805-01:29:12.272] thr=2   paramiko.transport: [chan 0] Max packet in: 32768 bytes
DEB [20220805-01:29:12.310] thr=1   paramiko.transport: Received global request "hostkeys-00@openssh.com"
DEB [20220805-01:29:12.311] thr=1   paramiko.transport: Rejecting "hostkeys-00@openssh.com" global request from server.
DEB [20220805-01:29:12.354] thr=1   paramiko.transport: [chan 0] Max packet out: 32768 bytes
DEB [20220805-01:29:12.355] thr=1   paramiko.transport: Secsh channel 0 opened.
DEB [20220805-01:29:12.359] thr=1   paramiko.transport: [chan 0] Sesch channel 0 request ok
DEB [20220805-01:29:12.369] thr=1   paramiko.transport: [chan 0] Sesch channel 0 request ok
DEB [20220805-01:29:13.374] thr=2   paramiko.transport: [chan 1] Max packet in: 32768 bytes
DEB [20220805-01:29:13.481] thr=1   paramiko.transport: [chan 1] Max packet out: 32768 bytes
DEB [20220805-01:29:13.481] thr=1   paramiko.transport: Secsh channel 1 opened.
DEB [20220805-01:29:13.493] thr=1   paramiko.transport: [chan 1] Sesch channel 1 request ok
INF [20220805-01:29:13.572] thr=2   paramiko.transport.sftp: [chan 1] Opened sftp connection (server version 3)
DEB [20220805-01:29:13.572] thr=2   paramiko.transport.sftp: [chan 1] normalize(b'.')
DEB [20220805-01:29:13.587] thr=2   paramiko.transport.sftp: [chan 1] stat(b'/MailId for Camp.txt')
DEB [20220805-01:29:13.603] thr=2   paramiko.transport.sftp: [chan 1] normalize(b'.')
DEB [20220805-01:29:13.603] thr=2   paramiko.transport.sftp: [chan 1] stat(b'/C:/Users/JiDi')
DEB [20220805-01:29:13.603] thr=2   paramiko.transport.sftp: [chan 1] stat(b'/MailId for Camp.txt')
DEB [20220805-01:29:13.618] thr=2   paramiko.transport.sftp: [chan 1] open(b'/MailId for Camp.txt', 'wb')
DEB [20220805-01:29:13.618] thr=2   paramiko.transport.sftp: [chan 1] open(b'/MailId for Camp.txt', 'wb') -> 00000000
DEB [20220805-01:29:13.618] thr=2   paramiko.transport.sftp: [chan 1] close(00000000)
DEB [20220805-01:29:13.649] thr=2   paramiko.transport.sftp: [chan 1] stat(b'C:\\android')
DEB [20220805-01:29:15.730] thr=1   paramiko.transport: EOF in transport thread
